<?xml version="1.0" encoding="UTF-8"?>
<!-- Generated by org.testng.reporters.JUnitReportReporter -->
<testsuite hostname="wingsofhope" failures="0" tests="1" name="test.Google" time="4.688" errors="0" timestamp="2021-06-22T21:28:38 EDT" skipped="0">
  <testcase classname="test.Google" name="titleValidation" time="4.688"/>
  <system-out/>
</testsuite> <!-- test.Google -->
